{
  "RSpec": {
    "coverage": {
      "/Users/yaskemp/Desktop/MyCode/yaskemp-url-shortener-code-test/spec/features/receiving_short_url_spec.rb": [
        1,
        1,
        1,
        1,
        1,
        1,
        null,
        null
      ],
      "/Users/yaskemp/Desktop/MyCode/yaskemp-url-shortener-code-test/spec/features/submit_long_url_spec.rb": [
        1,
        1,
        1,
        1,
        1,
        1,
        null,
        null
      ]
    },
    "timestamp": 1575974843
  }
}
